<?xml version="1.0" encoding="UTF-8"?>
<testng-results skipped="0" failed="0" ignored="0" total="1" passed="1">
  <reporter-output>
  </reporter-output>
  <suite name="Default suite" duration-ms="9954" started-at="2020-08-28T19:19:27Z" finished-at="2020-08-28T19:19:37Z">
    <groups>
    </groups>
    <test name="Default test" duration-ms="9954" started-at="2020-08-28T19:19:27Z" finished-at="2020-08-28T19:19:37Z">
      <class name="maven.MavenProject.DataDrivenLogIn">
        <test-method status="PASS" signature="setUpBrowser()[pri:0, instance:maven.MavenProject.DataDrivenLogIn@1bce4f0a]" name="setUpBrowser" is-config="true" duration-ms="7045" started-at="2020-08-28T19:19:27Z" finished-at="2020-08-28T19:19:34Z">
          <reporter-output>
          </reporter-output>
        </test-method> <!-- setUpBrowser -->
        <test-method status="PASS" signature="logIn()[pri:0, instance:maven.MavenProject.DataDrivenLogIn@1bce4f0a]" name="logIn" duration-ms="2871" started-at="2020-08-28T19:19:34Z" finished-at="2020-08-28T19:19:37Z">
          <reporter-output>
          </reporter-output>
        </test-method> <!-- logIn -->
      </class> <!-- maven.MavenProject.DataDrivenLogIn -->
    </test> <!-- Default test -->
  </suite> <!-- Default suite -->
</testng-results>
